[WARNING] 
[WARNING] Some problems were encountered while building the effective settings
[WARNING] Unrecognised tag: 'repositories' (position: START_TAG seen ...</mirrors>\n\n  <repositories>... @176:17)  @ /opt/apache-maven-3.9.6/conf/settings.xml, line 176, column 17
[WARNING] 
[INFO] Scanning for projects...
[INFO] 
[INFO] ---------------------< io.github.uncleacc:YunLog >----------------------
[INFO] Building YunLog 0.0.1-SNAPSHOT
[INFO]   from pom.xml
[INFO] --------------------------------[ jar ]---------------------------------
[INFO] 
[INFO] >>> spring-boot:2.7.18:run (default-cli) > test-compile @ YunLog >>>
[WARNING] The artifact mysql:mysql-connector-java:jar:8.0.33 has been relocated to com.mysql:mysql-connector-j:jar:8.0.33: MySQL Connector/J artifacts moved to reverse-DNS compliant Maven 2+ coordinates.
[INFO] 
[INFO] --- resources:3.2.0:resources (default-resources) @ YunLog ---
[INFO] Using 'UTF-8' encoding to copy filtered resources.
[INFO] Using 'UTF-8' encoding to copy filtered properties files.
[INFO] Copying 1 resource
[INFO] Copying 0 resource
[INFO] 
[INFO] --- compiler:3.10.1:compile (default-compile) @ YunLog ---
[INFO] Nothing to compile - all classes are up to date
[INFO] 
[INFO] --- resources:3.2.0:testResources (default-testResources) @ YunLog ---
[INFO] Using 'UTF-8' encoding to copy filtered resources.
[INFO] Using 'UTF-8' encoding to copy filtered properties files.
[INFO] skip non existing resourceDirectory /Users/doraemon/Documents/工作/云日记/backend/YunLog/src/test/resources
[INFO] 
[INFO] --- compiler:3.10.1:testCompile (default-testCompile) @ YunLog ---
[INFO] No sources to compile
[INFO] 
[INFO] <<< spring-boot:2.7.18:run (default-cli) < test-compile @ YunLog <<<
[INFO] 
[INFO] 
[INFO] --- spring-boot:2.7.18:run (default-cli) @ YunLog ---
[INFO] Attaching agents: []

  .   ____          _            __ _ _
 /\\ / ___'_ __ _ _(_)_ __  __ _ \ \ \ \
( ( )\___ | '_ | '_| | '_ \/ _` | \ \ \ \
 \\/  ___)| |_)| | | | | || (_| |  ) ) ) )
  '  |____| .__|_| |_|_| |_\__, | / / / /
 =========|_|==============|___/=/_/_/_/
 :: Spring Boot ::               (v2.7.18)

2025-10-25 19:52:00.701 [main] INFO  i.g.u.yunlog.YunLogApplication - Starting YunLogApplication using Java 1.8.0_461 on DoraemondeMac-mini.local with PID 86441 (/Users/doraemon/Documents/工作/云日记/backend/YunLog/target/classes started by doraemon in /Users/doraemon/Documents/工作/云日记/backend/YunLog)
2025-10-25 19:52:00.702 [main] DEBUG i.g.u.yunlog.YunLogApplication - Running with Spring Boot v2.7.18, Spring v5.3.31
2025-10-25 19:52:00.702 [main] INFO  i.g.u.yunlog.YunLogApplication - No active profile set, falling back to 1 default profile: "default"
2025-10-25 19:52:00.915 [main] INFO  o.s.d.r.c.RepositoryConfigurationDelegate - Bootstrapping Spring Data JPA repositories in DEFAULT mode.
2025-10-25 19:52:00.931 [main] INFO  o.s.d.r.c.RepositoryConfigurationDelegate - Finished Spring Data repository scanning in 12 ms. Found 3 JPA repository interfaces.
2025-10-25 19:52:01.105 [main] INFO  o.s.b.w.e.tomcat.TomcatWebServer - Tomcat initialized with port(s): 8080 (http)
2025-10-25 19:52:01.110 [main] INFO  o.a.catalina.core.StandardService - Starting service [Tomcat]
2025-10-25 19:52:01.110 [main] INFO  o.a.catalina.core.StandardEngine - Starting Servlet engine: [Apache Tomcat/9.0.83]
2025-10-25 19:52:01.161 [main] INFO  o.a.c.c.C.[.[localhost].[/api/v1] - Initializing Spring embedded WebApplicationContext
2025-10-25 19:52:01.161 [main] INFO  o.s.b.w.s.c.ServletWebServerApplicationContext - Root WebApplicationContext: initialization completed in 443 ms
2025-10-25 19:52:01.212 [main] INFO  o.h.jpa.internal.util.LogHelper - HHH000204: Processing PersistenceUnitInfo [name: default]
2025-10-25 19:52:01.229 [main] INFO  org.hibernate.Version - HHH000412: Hibernate ORM core version 5.6.15.Final
2025-10-25 19:52:01.285 [main] INFO  o.h.annotations.common.Version - HCANN000001: Hibernate Commons Annotations {5.1.2.Final}
2025-10-25 19:52:01.309 [main] INFO  com.zaxxer.hikari.HikariDataSource - HikariPool-1 - Starting...
2025-10-25 19:52:01.371 [main] INFO  com.zaxxer.hikari.HikariDataSource - HikariPool-1 - Start completed.
2025-10-25 19:52:01.375 [main] INFO  org.hibernate.dialect.Dialect - HHH000400: Using dialect: org.hibernate.dialect.MySQL8Dialect
2025-10-25 19:52:01.568 [main] INFO  o.h.e.t.j.p.i.JtaPlatformInitiator - HHH000490: Using JtaPlatform implementation: [org.hibernate.engine.transaction.jta.platform.internal.NoJtaPlatform]
2025-10-25 19:52:01.571 [main] INFO  o.s.o.j.LocalContainerEntityManagerFactoryBean - Initialized JPA EntityManagerFactory for persistence unit 'default'
2025-10-25 19:52:01.747 [main] INFO  i.g.uncleacc.yunlog.config.OssConfig - 初始化阿里云 OSS 客户端: endpoint=oss-cn-beijing.aliyuncs.com, bucket=yunmem
2025-10-25 19:52:02.121 [main] INFO  i.g.u.yunlog.service.OssService - Bucket [yunmem] 已存在
2025-10-25 19:52:02.153 [main] WARN  o.s.b.a.s.s.UserDetailsServiceAutoConfiguration - 

Using generated security password: 1041c355-545e-4c4a-9800-705d5904f2c9

This generated password is for development use only. Your security configuration must be updated before running your application in production.

2025-10-25 19:52:02.218 [main] INFO  o.s.s.web.DefaultSecurityFilterChain - Will secure any request with [org.springframework.security.web.session.DisableEncodeUrlFilter@22e95960, org.springframework.security.web.context.request.async.WebAsyncManagerIntegrationFilter@63846fa4, org.springframework.security.web.context.SecurityContextPersistenceFilter@1a390b8c, org.springframework.security.web.header.HeaderWriterFilter@74cff17c, org.springframework.web.filter.CorsFilter@206b959c, org.springframework.security.web.authentication.logout.LogoutFilter@37196d53, org.springframework.security.web.savedrequest.RequestCacheAwareFilter@237d0625, org.springframework.security.web.servletapi.SecurityContextHolderAwareRequestFilter@5cc87de4, org.springframework.security.web.authentication.AnonymousAuthenticationFilter@74026b18, org.springframework.security.web.session.SessionManagementFilter@57bfca3a, org.springframework.security.web.access.ExceptionTranslationFilter@23ffc910, org.springframework.security.web.access.intercept.AuthorizationFilter@2a2b3aff]
2025-10-25 19:52:02.231 [main] WARN  o.s.b.a.o.j.JpaBaseConfiguration$JpaWebConfiguration - spring.jpa.open-in-view is enabled by default. Therefore, database queries may be performed during view rendering. Explicitly configure spring.jpa.open-in-view to disable this warning
2025-10-25 19:52:02.335 [main] INFO  o.s.b.w.e.tomcat.TomcatWebServer - Tomcat started on port(s): 8080 (http) with context path '/api/v1'
2025-10-25 19:52:02.339 [main] INFO  i.g.u.yunlog.YunLogApplication - Started YunLogApplication in 1.776 seconds (JVM running for 1.899)
Hibernate: select count(*) as col_0_0_ from categories category0_
2025-10-25 19:52:02.350 [main] INFO  i.g.u.yunlog.config.DataInitializer - 分类数据已存在，跳过初始化
2025-10-25 19:53:03.300 [http-nio-8080-exec-1] INFO  o.a.c.c.C.[.[localhost].[/api/v1] - Initializing Spring DispatcherServlet 'dispatcherServlet'
2025-10-25 19:53:03.301 [http-nio-8080-exec-1] INFO  o.s.web.servlet.DispatcherServlet - Initializing Servlet 'dispatcherServlet'
2025-10-25 19:53:03.309 [http-nio-8080-exec-1] INFO  o.s.web.servlet.DispatcherServlet - Completed initialization in 8 ms
Hibernate: select diary0_.id as id1_2_, diary0_.category_id as category2_2_, diary0_.content as content3_2_, diary0_.content_html as content_4_2_, diary0_.create_time as create_t5_2_, diary0_.deleted_time as deleted_6_2_, diary0_.is_deleted as is_delet7_2_, diary0_.title as title8_2_, diary0_.update_time as update_t9_2_ from diaries diary0_ where diary0_.id=? and diary0_.is_deleted=0
Hibernate: update diaries set category_id=?, content=?, content_html=?, create_time=?, deleted_time=?, is_deleted=?, title=?, update_time=? where id=?
Hibernate: select attachment0_.id as id1_0_0_, attachment0_.create_time as create_t2_0_0_, attachment0_.diary_id as diary_id3_0_0_, attachment0_.url as url4_0_0_ from attachments attachment0_ where attachment0_.id=?
2025-10-25 19:55:04.256 [http-nio-8080-exec-3] WARN  i.g.u.y.e.GlobalExceptionHandler - 业务异常：附件不存在
Hibernate: select category0_.id as id1_1_0_, category0_.color as color2_1_0_, category0_.create_time as create_t3_1_0_, category0_.icon as icon4_1_0_, category0_.is_default as is_defau5_1_0_, category0_.name as name6_1_0_, category0_.update_time as update_t7_1_0_ from categories category0_ where category0_.id=?
2025-10-25 19:55:11.421 [http-nio-8080-exec-4] WARN  i.g.u.y.e.GlobalExceptionHandler - 业务异常：分类不存在
[INFO] ------------------------------------------------------------------------
[INFO] BUILD FAILURE
[INFO] ------------------------------------------------------------------------
[INFO] Total time:  03:32 min
[INFO] Finished at: 2025-10-25T19:55:31+08:00
[INFO] ------------------------------------------------------------------------
[ERROR] Failed to execute goal org.springframework.boot:spring-boot-maven-plugin:2.7.18:run (default-cli) on project YunLog: Application finished with exit code: 137 -> [Help 1]
[ERROR] 
[ERROR] To see the full stack trace of the errors, re-run Maven with the -e switch.
[ERROR] Re-run Maven using the -X switch to enable full debug logging.
[ERROR] 
[ERROR] For more information about the errors and possible solutions, please read the following articles:
[ERROR] [Help 1] http://cwiki.apache.org/confluence/display/MAVEN/MojoExecutionException
